make all --print-data-base --no-builtin-variables --no-builtin-rules --question
make: *** No rule to make target 'all'.  Stop.

# GNU Make 4.1
# Built for x86_64-pc-linux-gnu
# Copyright (C) 1988-2014 Free Software Foundation, Inc.
# License GPLv3+: GNU GPL version 3 or later <http://gnu.org/licenses/gpl.html>
# This is free software: you are free to change and redistribute it.
# There is NO WARRANTY, to the extent permitted by law.

# Make data base, printed on Wed Jun 29 20:01:20 2022

# Variables

# automatic
<D = $(patsubst %/,%,$(dir $<))
# automatic
?F = $(notdir $?)
# default
.SHELLFLAGS := -c
# environment
VSCODE_AGENT_FOLDER = /home/zhangsx/.vscode-server
# environment
VSCODE_LOG_NATIVE = false
# automatic
?D = $(patsubst %/,%,$(dir $?))
# automatic
@D = $(patsubst %/,%,$(dir $@))
# automatic
@F = $(notdir $@)
# default
MAKE_VERSION := 4.1
# makefile
CURDIR := /home/zhangsx/C++prog/stylometry
# makefile
SHELL = /bin/sh
# environment
VSCODE_NLS_CONFIG = {"locale":"zh-cn","availableLanguages":{"*":"zh-cn"},"_languagePackId":"bbca1a7059cee8a1b93da8947fee1c4f.zh-cn","_translationsConfigFile":"/home/zhangsx/.vscode-server/data/clp/bbca1a7059cee8a1b93da8947fee1c4f.zh-cn/tcf.json","_cacheRoot":"/home/zhangsx/.vscode-server/data/clp/bbca1a7059cee8a1b93da8947fee1c4f.zh-cn","_resolvedLanguagePackCoreLocation":"/home/zhangsx/.vscode-server/data/clp/bbca1a7059cee8a1b93da8947fee1c4f.zh-cn/30d9c6cd9483b2cc586687151bcbcd635f373630","_corruptedFile":"/home/zhangsx/.vscode-server/data/clp/bbca1a7059cee8a1b93da8947fee1c4f.zh-cn/corrupted.info","_languagePackSupport":true}
# environment
_ = /usr/bin/make
# makefile
MAKEFILE_LIST := 
# 'override' directive
GNUMAKEFLAGS := 
# environment
MAKELEVEL := 0
# environment
XDG_DATA_DIRS = /usr/local/share:/usr/share:/var/lib/snapd/desktop
# environment
DBUS_SESSION_BUS_ADDRESS = unix:path=/run/user/1013/bus
# environment
VSCODE_VERBOSE_LOGGING = true
# environment
LESSOPEN = | /usr/bin/lesspipe %s
# environment
LC_NAME = zh_CN.UTF-8
# environment
VSCODE_CWD = /home/zhangsx
# environment
SSH_CONNECTION = 10.250.226.37 57764 10.249.41.155 22
# environment
PATH = /home/zhangsx/.vscode-server/bin/30d9c6cd9483b2cc586687151bcbcd635f373630/bin/remote-cli:/home/zhangsx/.local/bin:/usr/local/sbin:/usr/local/bin:/usr/sbin:/usr/bin:/sbin:/bin:/usr/games:/usr/local/games:/snap/bin
# environment
XDG_RUNTIME_DIR = /run/user/1013
# environment
VSCODE_LOG_STACK = false
# environment
LC_NUMERIC = zh_CN.UTF-8
# default
.FEATURES := target-specific order-only second-expansion else-if shortest-stem undefine oneshell archives jobserver output-sync check-symlink load
# environment
LS_COLORS = 
# automatic
 
%F = $(notdir $%)
# environment
VSCODE_PIPE_LOGGING = true
# environment
PWD = /home/zhangsx/C++prog/stylometry
# environment
QT_QPA_PLATFORMTHEME = appmenu-qt5
# environment
VSCODE_IPC_HOOK_CLI = /run/user/1013/vscode-ipc-5ee015dd-4e50-4262-a26a-bc3f8e429c82.sock
# automatic
*D = $(patsubst %/,%,$(dir $*))
# environment
VSCODE_AMD_ENTRYPOINT = vs/workbench/api/node/extensionHostProcess
# environment
HOME = /home/zhangsx
# environment
LESSCLOSE = /usr/bin/lesspipe %s %s
# environment
LOGNAME = zhangsx
# environment
APPLICATION_INSIGHTS_NO_DIAGNOSTIC_CHANNEL = true
# automatic
+F = $(notdir $+)
# environment
VSCODE_HANDLES_UNCAUGHT_ERRORS = true
# automatic
^D = $(patsubst %/,%,$(dir $^))
# environment
LC_TIME = zh_CN.UTF-8
# default
MAKE = $(MAKE_COMMAND)
# default
MAKECMDGOALS := all
# environment
SHLVL = 5
# environment
XDG_SESSION_ID = 14680
# environment
USER = zhangsx
# environment
LC_MONETARY = zh_CN.UTF-8
# makefile
.DEFAULT_GOAL := 
# automatic
%D = $(patsubst %/,%,$(dir $%))
# environment
LC_TELEPHONE = zh_CN.UTF-8
# default
MAKE_COMMAND := make
# default
.VARIABLES := 
# automatic
*F = $(notdir $*)
# makefile
MAKEFLAGS = pqrR
# environment
MFLAGS = -pqrR
# environment
SSH_CLIENT = 10.250.226.37 57764 22
# environment
MAIL = /var/mail/zhangsx
# automatic
+D = $(patsubst %/,%,$(dir $+))
# environment
LC_PAPER = zh_CN.UTF-8
# environment
BROWSER = /home/zhangsx/.vscode-server/bin/30d9c6cd9483b2cc586687151bcbcd635f373630/bin/helpers/browser.sh
# environment
S_COLORS = auto
# environment
VSCODE_HANDLES_SIGPIPE = true
# default
MAKEFILES := 
# automatic
<F = $(notdir $<)
# environment
LC_MEASUREMENT = zh_CN.UTF-8
# environment
LC_ALL = C
# automatic
^F = $(notdir $^)
# default
SUFFIXES := 
# default
.INCLUDE_DIRS = /usr/include /usr/local/include /usr/include
# environment
LC_IDENTIFICATION = zh_CN.UTF-8
# default
.RECIPEPREFIX := 
# environment
LC_ADDRESS = zh_CN.UTF-8
# default
MAKE_HOST := x86_64-pc-linux-gnu
# environment
LANG = C
# environment
VSCODE_EXTHOST_WILL_SEND_SOCKET = true
# variable set hash-table stats:
# Load=78/1024=8%, Rehash=0, Collisions=11/100=11%

# Pattern-specific Variable Values

# No pattern-specific variable values.

# Directories

# . (device 2052, inode 146669638): 9 files, no impossibilities.

# 9 files, no impossibilities in 1 directories.

# Implicit Rules

# No implicit rules.

# Files

# Not a target:
all:
#  Command line target.
#  Implicit rule search has been done.
#  File does not exist.
#  File has not been updated.

# Not a target:
Makefile:
#  Implicit rule search has been done.
#  File does not exist.
#  File has been updated.
#  Failed to be updated.

# Not a target:
makefile:
#  Implicit rule search has been done.
#  File does not exist.
#  File has been updated.
#  Failed to be updated.
 

# Not a target:
.DEFAULT:
#  Implicit rule search has not been done.
#  Modification time never checked.
#  File has not been updated.

# Not a target:
GNUmakefile:
#  Implicit rule search has been done.
#  File does not exist.
#  File has been updated.
#  Failed to be updated.

# files hash-table stats:
# Load=6/1024=1%, Rehash=0, Collisions=0/15=0%
# VPATH Search Paths

# No 'vpath' search paths.

# No general ('VPATH' variable) search path.

# strcache buffers: 1 (0) / strings = 17 / storage = 168 B / avg = 9 B
# current buf: size = 8162 B / used = 168 B / count = 17 / avg = 9 B

# strcache performance: lookups = 20 / hit rate = 15%
# hash-table stats:
# Load=17/8192=0%, Rehash=0, Collisions=1/20=5%
# Finished Make data base on Wed Jun 29 20:01:20 2022

 
